SF:lib/core/domain/services/statistics_models.dart
DA:15,1
DA:17,0
DA:18,0
DA:37,1
DA:39,0
DA:40,0
DA:43,1
DA:44,3
DA:45,5
DA:46,3
DA:47,0
DA:48,3
DA:49,6
DA:50,0
DA:51,0
DA:53,0
DA:57,1
DA:58,6
DA:59,3
DA:60,3
DA:61,2
DA:63,0
DA:80,1
DA:82,0
DA:83,0
DA:86,0
DA:89,0
DA:92,0
LF:28
LH:14
end_of_record
SF:lib/core/domain/services/statistics_models.g.dart
DA:9,0
DA:10,0
DA:11,0
DA:12,0
DA:13,0
DA:16,0
DA:17,0
DA:18,0
DA:19,0
DA:20,0
DA:23,0
DA:24,0
DA:25,0
DA:26,0
DA:28,0
DA:29,0
DA:31,0
DA:32,0
DA:34,0
DA:35,0
DA:37,0
DA:38,0
DA:39,0
DA:40,0
DA:41,0
DA:42,0
DA:45,0
DA:46,0
DA:47,0
DA:48,0
DA:49,0
DA:50,0
DA:51,0
DA:52,0
DA:53,0
DA:54,0
DA:55,0
DA:56,0
DA:59,0
DA:60,0
DA:61,0
DA:62,0
DA:63,0
DA:64,0
DA:65,0
DA:66,0
DA:67,0
DA:70,0
DA:71,0
DA:72,0
DA:73,0
DA:74,0
DA:75,0
DA:76,0
DA:77,0
DA:78,0
LF:56
LH:0
end_of_record
SF:lib/core/domain/services/statistics_service.dart
DA:59,1
DA:68,1
DA:69,1
DA:70,1
DA:72,1
DA:73,1
DA:74,1
DA:78,1
DA:79,1
DA:86,2
DA:88,1
DA:97,1
DA:107,1
DA:108,1
DA:109,1
DA:110,3
DA:119,1
DA:120,2
DA:121,3
DA:136,1
DA:140,1
DA:141,1
DA:161,1
DA:162,1
DA:165,1
DA:167,2
DA:168,1
DA:169,1
DA:176,1
DA:197,1
DA:203,5
DA:206,2
DA:207,3
DA:208,1
DA:209,0
DA:213,2
DA:214,1
DA:239,1
DA:245,1
DA:246,2
DA:249,1
DA:251,1
DA:254,1
DA:287,1
DA:293,1
DA:294,1
DA:295,1
DA:299,1
DA:301,0
DA:302,2
DA:304,1
DA:307,1
DA:310,1
DA:315,1
LF:54
LH:52
end_of_record
