SF:lib/core/config/environment_config.dart
DA:8,2
DA:10,4
DA:12,2
DA:16,2
DA:17,2
DA:18,2
DA:20,2
DA:22,2
DA:27,2
DA:28,2
DA:29,2
DA:31,2
DA:33,2
DA:38,6
DA:39,6
DA:40,6
DA:42,2
DA:43,2
DA:44,2
DA:46,2
DA:48,2
LF:21
LH:21
end_of_record
SF:lib/core/utils/test_environment_helper.dart
DA:4,1
DA:6,1
DA:7,1
DA:11,2
DA:16,2
DA:19,2
DA:22,1
DA:23,1
DA:27,1
DA:29,1
DA:30,1
DA:31,1
DA:32,1
DA:33,1
DA:37,1
DA:41,1
DA:42,0
DA:44,1
LF:18
LH:17
end_of_record
SF:lib/core/data/repositories/firebase_image_storage_repository.dart
DA:9,1
DA:10,0
DA:12,1
DA:20,2
DA:21,3
DA:22,1
DA:25,4
DA:28,1
DA:32,3
DA:33,2
DA:34,3
DA:35,1
DA:44,2
DA:45,0
DA:49,2
DA:51,1
DA:52,4
DA:54,0
DA:58,1
DA:64,4
DA:65,1
DA:68,2
DA:69,1
DA:71,1
DA:73,2
DA:74,3
DA:77,0
DA:81,1
DA:87,4
DA:88,1
DA:91,2
DA:92,3
DA:96,1
DA:98,2
DA:101,3
DA:103,0
LF:36
LH:31
end_of_record
SF:lib/core/data/models/group_model.dart
DA:33,6
DA:35,2
DA:36,2
DA:39,1
DA:40,1
DA:41,2
DA:43,2
DA:48,2
DA:49,2
DA:50,2
DA:57,3
DA:60,3
DA:63,3
DA:66,3
DA:69,5
DA:72,12
DA:75,3
DA:78,1
DA:79,1
DA:80,4
DA:81,1
DA:87,6
DA:90,2
DA:95,2
DA:101,4
DA:102,0
DA:103,2
DA:104,2
DA:105,2
DA:106,2
DA:107,2
DA:112,1
DA:120,2
DA:121,0
DA:122,0
DA:123,0
DA:124,0
DA:125,1
DA:126,1
DA:127,1
DA:128,1
DA:133,1
DA:134,3
DA:135,2
DA:136,3
DA:137,1
DA:138,1
DA:143,1
DA:144,2
DA:145,5
DA:146,5
DA:147,1
DA:148,1
DA:153,1
DA:154,4
DA:155,2
DA:156,3
DA:157,1
DA:158,1
DA:163,1
DA:164,4
DA:165,2
DA:166,5
DA:167,1
DA:168,1
DA:173,1
DA:174,2
DA:175,2
DA:176,3
DA:177,2
DA:178,1
DA:179,1
DA:184,1
DA:185,2
DA:186,5
DA:187,1
DA:188,1
DA:193,1
DA:194,2
DA:195,1
DA:200,1
DA:201,5
DA:205,1
DA:206,3
DA:209,1
DA:210,3
DA:225,85
DA:227,2
DA:230,2
DA:231,2
DA:232,2
DA:236,2
DA:239,1
LF:93
LH:88
end_of_record
SF:lib/core/data/models/group_model.g.dart
DA:9,2
DA:11,2
DA:12,2
DA:13,2
DA:14,2
DA:15,2
DA:16,2
DA:17,4
DA:18,4
DA:20,8
DA:23,8
DA:26,6
DA:29,4
DA:31,2
DA:32,4
DA:33,2
DA:34,2
DA:36,2
DA:37,2
DA:38,4
DA:39,4
DA:42,2
DA:43,2
DA:44,2
DA:45,2
DA:46,2
DA:47,2
DA:48,2
DA:49,4
DA:50,4
DA:51,2
DA:52,2
DA:53,2
DA:54,4
DA:55,2
DA:56,2
DA:57,2
DA:58,2
DA:59,2
DA:60,2
DA:61,2
DA:62,4
LF:42
LH:42
end_of_record
SF:lib/core/data/repositories/firestore_group_repository.dart
DA:13,1
DA:15,0
DA:17,1
DA:20,4
DA:21,2
DA:23,0
DA:27,0
DA:29,0
DA:32,0
DA:36,0
DA:37,0
DA:38,0
DA:39,0
DA:40,0
DA:41,0
DA:43,0
DA:44,0
DA:45,0
DA:52,0
DA:56,1
DA:59,1
DA:60,1
DA:61,1
DA:62,1
DA:63,1
DA:64,2
DA:65,1
DA:66,3
DA:67,3
DA:68,1
DA:72,0
DA:76,1
DA:79,1
DA:81,1
DA:82,1
DA:83,1
DA:84,1
DA:86,0
DA:90,0
DA:98,0
DA:100,0
DA:103,0
DA:110,0
DA:111,0
DA:112,0
DA:113,0
DA:115,0
DA:119,0
DA:129,0
DA:131,0
DA:134,0
DA:143,0
DA:144,0
DA:145,0
DA:146,0
DA:148,0
DA:152,0
DA:155,0
DA:157,0
DA:160,0
DA:162,0
DA:163,0
DA:164,0
DA:165,0
DA:167,0
DA:171,0
DA:174,0
DA:176,0
DA:179,0
DA:181,0
DA:182,0
DA:183,0
DA:184,0
DA:186,0
DA:190,0
DA:193,0
DA:195,0
DA:198,0
DA:200,0
DA:201,0
DA:202,0
DA:203,0
DA:205,0
DA:209,0
DA:212,0
DA:214,0
DA:217,0
DA:219,0
DA:220,0
DA:221,0
DA:222,0
DA:224,0
DA:228,0
DA:231,0
DA:233,0
DA:236,0
DA:238,0
DA:239,0
DA:240,0
DA:241,0
DA:243,0
DA:247,0
DA:250,0
DA:252,0
DA:255,0
DA:257,0
DA:258,0
DA:259,0
DA:260,0
DA:262,0
DA:266,0
DA:269,0
DA:271,0
DA:274,0
DA:276,0
DA:277,0
DA:278,0
DA:279,0
DA:281,0
DA:285,0
DA:287,0
DA:290,0
DA:293,0
DA:294,0
DA:295,0
DA:296,0
DA:297,0
DA:298,0
DA:299,0
DA:301,0
DA:302,0
DA:303,0
DA:304,0
DA:306,0
DA:310,0
DA:313,0
DA:314,0
DA:316,0
DA:320,0
DA:323,0
DA:324,0
DA:326,0
DA:330,0
DA:333,0
DA:337,0
DA:340,0
DA:343,0
DA:347,0
DA:351,0
DA:354,0
DA:356,0
DA:360,1
DA:363,4
DA:364,1
DA:366,0
DA:370,0
DA:373,0
DA:375,0
DA:378,0
DA:379,0
DA:380,0
DA:381,0
DA:382,0
DA:383,0
DA:384,0
DA:387,0
LF:166
LH:24
end_of_record
SF:lib/core/data/models/invitation_model.dart
DA:28,2
DA:30,1
DA:31,1
DA:34,1
DA:35,1
DA:36,2
DA:38,2
DA:43,1
DA:44,1
DA:45,1
DA:50,0
DA:53,0
DA:56,0
DA:59,1
DA:60,2
DA:62,1
DA:67,1
DA:68,2
DA:70,1
DA:77,69
DA:79,1
DA:81,1
DA:82,1
DA:83,0
DA:84,0
DA:85,0
DA:86,0
DA:88,0
DA:91,1
DA:92,1
LF:30
LH:22
end_of_record
SF:lib/core/data/models/invitation_model.g.dart
DA:9,1
DA:11,1
DA:12,1
DA:13,1
DA:14,1
DA:15,1
DA:16,1
DA:17,1
DA:19,2
DA:21,2
DA:22,1
DA:23,1
DA:24,1
DA:28,1
DA:30,1
DA:31,1
DA:32,1
DA:33,1
DA:34,1
DA:35,1
DA:36,1
DA:37,2
DA:38,2
DA:39,1
DA:40,1
DA:41,1
DA:51,1
DA:54,0
DA:56,1
DA:59,0
LF:30
LH:28
end_of_record
SF:lib/core/data/repositories/firestore_invitation_repository.dart
DA:16,1
DA:19,0
DA:21,1
DA:34,1
DA:42,1
DA:45,1
DA:46,1
DA:47,1
DA:48,1
DA:49,2
DA:51,1
DA:53,0
DA:57,1
DA:60,1
DA:61,1
DA:62,1
DA:63,1
DA:64,1
DA:65,1
DA:66,1
DA:67,2
DA:68,1
DA:69,3
DA:70,3
DA:71,1
DA:74,0
DA:78,1
DA:81,1
DA:82,1
DA:83,1
DA:84,1
DA:85,1
DA:86,1
DA:88,1
DA:89,3
DA:90,3
DA:91,1
DA:93,0
DA:97,1
DA:103,1
DA:104,1
DA:105,1
DA:106,1
DA:107,1
DA:108,1
DA:110,2
DA:112,0
DA:116,1
DA:124,1
DA:125,0
DA:128,1
DA:129,0
DA:131,2
DA:135,1
DA:142,1
DA:143,0
DA:146,1
DA:147,0
DA:149,2
DA:153,1
DA:159,1
DA:160,1
DA:161,1
DA:162,1
DA:163,1
DA:164,1
DA:166,0
DA:170,1
DA:176,1
DA:177,1
DA:178,1
DA:179,1
DA:180,1
DA:181,1
DA:182,1
DA:183,1
DA:185,2
DA:187,0
DA:191,0
DA:198,0
DA:201,0
DA:205,1
DA:212,1
DA:217,0
LF:84
LH:69
end_of_record
SF:lib/core/data/models/user_model.dart
DA:42,3
DA:44,1
DA:45,1
DA:48,1
DA:49,1
DA:50,2
DA:52,2
DA:57,1
DA:58,1
DA:59,1
DA:66,1
DA:67,1
DA:68,2
DA:69,1
DA:70,1
DA:73,1
DA:74,2
DA:75,3
DA:77,2
DA:81,3
DA:84,1
DA:85,3
DA:86,2
DA:89,6
DA:92,6
DA:97,5
DA:100,1
DA:101,1
DA:102,4
DA:103,1
DA:109,2
DA:118,4
DA:119,1
DA:120,1
DA:121,1
DA:122,2
DA:123,2
DA:124,2
DA:125,2
DA:126,2
DA:131,2
DA:136,4
DA:137,0
DA:138,1
DA:139,1
DA:140,2
DA:145,1
DA:150,2
DA:151,0
DA:152,0
DA:153,0
DA:154,1
DA:159,2
DA:160,4
DA:161,2
DA:162,3
DA:163,1
DA:168,1
DA:169,2
DA:170,5
DA:171,1
DA:176,1
DA:177,6
DA:178,2
DA:180,2
DA:181,3
DA:182,2
DA:183,1
DA:199,70
DA:201,1
DA:204,2
DA:205,2
DA:206,2
DA:210,1
DA:213,1
LF:75
LH:71
end_of_record
SF:lib/core/data/models/user_model.g.dart
DA:9,1
DA:11,1
DA:12,1
DA:13,1
DA:14,1
DA:15,1
DA:16,1
DA:17,2
DA:18,2
DA:19,2
DA:20,1
DA:21,1
DA:22,1
DA:23,1
DA:24,1
DA:26,2
DA:27,1
DA:28,1
DA:30,4
DA:33,4
DA:35,1
DA:36,1
DA:37,1
DA:39,2
DA:41,1
DA:42,1
DA:43,2
DA:44,2
DA:45,2
DA:48,1
DA:49,1
DA:50,1
DA:51,1
DA:52,1
DA:53,1
DA:54,1
DA:55,2
DA:56,2
DA:57,2
DA:58,1
DA:59,1
DA:60,1
DA:61,1
DA:62,2
DA:63,1
DA:64,1
DA:65,1
DA:66,1
DA:67,1
DA:68,1
DA:69,1
DA:70,2
DA:71,1
DA:72,1
DA:73,1
DA:74,1
DA:75,1
LF:57
LH:57
end_of_record
SF:lib/core/presentation/bloc/group/group_bloc.dart
DA:12,4
DA:14,4
DA:15,8
DA:16,8
DA:17,8
DA:18,8
DA:19,8
DA:20,8
DA:21,8
DA:22,8
DA:23,8
DA:24,8
DA:25,8
DA:26,8
DA:29,1
DA:34,1
DA:36,3
DA:38,2
DA:40,1
DA:43,0
DA:44,0
DA:50,2
DA:56,2
DA:59,6
DA:62,2
DA:64,2
DA:65,5
DA:67,2
DA:69,0
DA:70,0
DA:71,0
DA:77,0
DA:78,0
DA:84,1
DA:89,1
DA:91,3
DA:92,3
DA:94,2
DA:99,0
DA:100,0
DA:106,1
DA:111,1
DA:113,2
DA:114,1
DA:115,1
DA:116,1
DA:117,1
DA:118,1
DA:121,3
DA:123,2
DA:128,0
DA:133,0
DA:134,0
DA:140,0
DA:145,0
DA:147,0
DA:148,0
DA:149,0
DA:150,0
DA:151,0
DA:152,0
DA:153,0
DA:154,0
DA:157,0
DA:159,0
DA:164,0
DA:169,0
DA:170,0
DA:176,0
DA:181,0
DA:183,0
DA:185,0
DA:187,0
DA:192,0
DA:197,0
DA:198,0
DA:204,0
DA:209,0
DA:211,0
DA:213,0
DA:215,0
DA:220,0
DA:225,0
DA:226,0
DA:232,0
DA:237,0
DA:239,0
DA:241,0
DA:243,0
DA:248,0
DA:253,0
DA:254,0
DA:260,0
DA:265,0
DA:267,0
DA:269,0
DA:271,0
DA:276,0
DA:281,0
DA:282,0
DA:288,0
DA:293,0
DA:295,0
DA:296,0
DA:297,0
DA:300,0
DA:302,0
DA:303,0
DA:309,0
DA:314,0
DA:316,0
DA:317,0
DA:319,0
DA:320,0
DA:326,0
DA:331,0
DA:333,0
DA:335,0
DA:339,0
DA:340,0
DA:346,4
DA:348,4
DA:349,4
LF:123
LH:44
end_of_record
SF:lib/core/presentation/bloc/group/group_event.dart
DA:5,5
DA:11,1
DA:13,0
DA:14,0
DA:20,3
DA:22,0
DA:23,0
DA:29,1
DA:31,0
DA:32,0
DA:42,1
DA:50,0
DA:51,0
DA:63,0
DA:73,0
DA:74,0
DA:75,0
DA:76,0
DA:77,0
DA:78,0
DA:79,0
DA:80,0
DA:81,0
DA:89,0
DA:94,0
DA:95,0
DA:102,0
DA:107,0
DA:108,0
DA:115,0
DA:120,0
DA:121,0
DA:128,0
DA:133,0
DA:134,0
DA:141,0
DA:146,0
DA:147,0
DA:153,0
DA:155,0
DA:156,0
DA:162,0
DA:164,0
DA:165,0
LF:44
LH:5
end_of_record
SF:lib/core/presentation/bloc/group/group_state.dart
DA:5,31
DA:9,27
DA:13,27
DA:19,1
DA:21,1
DA:22,2
DA:28,4
DA:30,2
DA:31,4
DA:38,1
DA:43,1
DA:44,3
DA:51,1
DA:56,1
DA:57,3
DA:63,25
DA:65,0
DA:66,0
DA:72,0
DA:74,0
DA:75,0
DA:84,1
DA:89,0
DA:90,0
DA:99,26
DA:104,1
DA:105,3
LF:27
LH:20
end_of_record
SF:lib/core/presentation/bloc/base_bloc_event.dart
DA:4,9
DA:6,0
DA:7,0
DA:11,0
DA:15,0
DA:19,0
DA:23,0
DA:27,0
LF:8
LH:1
end_of_record
SF:lib/core/presentation/bloc/base_bloc_state.dart
DA:4,103
DA:6,4
DA:7,4
DA:11,0
DA:15,0
DA:22,0
DA:27,0
DA:28,0
DA:32,0
LF:9
LH:3
end_of_record
SF:lib/core/presentation/bloc/user/user_bloc.dart
DA:11,1
DA:13,1
DA:14,2
DA:15,2
DA:16,2
DA:17,2
DA:18,2
DA:19,2
DA:20,2
DA:21,2
DA:22,2
DA:25,0
DA:30,0
DA:32,0
DA:33,0
DA:34,0
DA:36,0
DA:38,0
DA:41,0
DA:42,0
DA:43,0
DA:49,0
DA:50,0
DA:56,1
DA:61,1
DA:63,3
DA:65,2
DA:67,1
DA:70,0
DA:71,0
DA:77,1
DA:82,1
DA:84,2
DA:85,1
DA:86,1
DA:87,1
DA:88,1
DA:89,1
DA:90,1
DA:91,1
DA:92,1
DA:96,3
DA:98,2
DA:103,0
DA:109,0
DA:110,0
DA:116,1
DA:121,1
DA:123,2
DA:124,1
DA:125,1
DA:126,1
DA:127,1
DA:130,3
DA:132,2
DA:137,0
DA:143,0
DA:144,0
DA:150,0
DA:155,0
DA:157,0
DA:158,0
DA:159,0
DA:160,0
DA:161,0
DA:164,0
DA:166,0
DA:171,0
DA:177,0
DA:178,0
DA:184,1
DA:189,1
DA:191,4
DA:193,3
DA:195,2
DA:200,0
DA:205,0
DA:206,0
DA:212,0
DA:217,0
DA:219,0
DA:221,0
DA:223,0
DA:228,0
DA:233,0
DA:234,0
DA:240,1
DA:245,1
DA:247,2
DA:248,1
DA:249,1
DA:252,2
DA:254,0
DA:255,0
DA:261,1
DA:266,1
DA:268,3
DA:270,1
DA:274,0
DA:275,0
DA:281,1
DA:283,1
DA:284,1
LF:103
LH:56
end_of_record
SF:lib/core/presentation/bloc/user/user_event.dart
DA:5,1
DA:9,0
DA:15,1
DA:17,0
DA:18,0
DA:31,1
DA:42,0
DA:43,0
DA:44,0
DA:45,0
DA:46,0
DA:47,0
DA:48,0
DA:49,0
DA:50,0
DA:51,0
DA:61,1
DA:68,0
DA:69,0
DA:70,0
DA:71,0
DA:72,0
DA:73,0
DA:83,0
DA:90,0
DA:91,0
DA:98,1
DA:103,0
DA:104,0
DA:111,0
DA:116,0
DA:117,0
DA:124,1
DA:129,0
DA:130,0
DA:136,1
DA:138,0
DA:139,0
LF:38
LH:7
end_of_record
SF:lib/core/presentation/bloc/user/user_state.dart
DA:5,24
DA:9,23
DA:13,23
DA:19,1
DA:21,1
DA:22,2
DA:28,1
DA:30,1
DA:31,2
DA:38,1
DA:43,1
DA:44,3
DA:50,23
DA:52,1
DA:53,2
DA:62,22
DA:67,0
DA:68,0
DA:77,23
DA:82,1
DA:83,3
LF:21
LH:19
end_of_record
SF:lib/core/data/models/game_model.dart
DA:46,1
DA:48,0
DA:49,0
DA:52,0
DA:53,0
DA:54,0
DA:56,0
DA:61,0
DA:62,0
DA:63,0
DA:70,3
DA:73,0
DA:76,0
DA:79,0
DA:82,0
DA:85,0
DA:88,0
DA:91,0
DA:94,0
DA:97,0
DA:98,0
DA:99,0
DA:100,0
DA:103,0
DA:106,0
DA:107,0
DA:108,0
DA:109,0
DA:110,0
DA:111,0
DA:115,0
DA:116,0
DA:117,0
DA:118,0
DA:119,0
DA:123,0
DA:124,0
DA:125,0
DA:131,0
DA:132,0
DA:133,0
DA:134,0
DA:135,0
DA:139,0
DA:140,0
DA:141,0
DA:147,0
DA:150,0
DA:155,0
DA:164,0
DA:165,0
DA:166,0
DA:167,0
DA:168,0
DA:169,0
DA:170,0
DA:171,0
DA:172,0
DA:177,0
DA:188,0
DA:189,0
DA:190,0
DA:191,0
DA:192,0
DA:193,0
DA:194,0
DA:195,0
DA:196,0
DA:197,0
DA:198,0
DA:203,1
DA:204,1
DA:207,0
DA:208,0
DA:209,0
DA:210,0
DA:215,0
DA:216,0
DA:217,0
DA:218,0
DA:219,0
DA:227,0
DA:228,0
DA:229,0
DA:230,0
DA:231,0
DA:235,0
DA:236,0
DA:237,0
DA:238,0
DA:239,0
DA:247,1
DA:248,2
DA:249,0
DA:251,0
DA:252,0
DA:257,0
DA:258,0
DA:259,0
DA:261,0
DA:263,0
DA:264,0
DA:269,0
DA:270,0
DA:271,0
DA:273,0
DA:278,0
DA:279,0
DA:281,0
DA:286,0
DA:287,0
DA:288,0
DA:290,0
DA:291,0
DA:292,0
DA:293,0
DA:294,0
DA:296,0
DA:313,0
DA:314,0
DA:327,0
DA:328,0
DA:377,66
DA:379,0
DA:382,0
DA:383,0
DA:384,0
DA:388,0
DA:391,0
LF:129
LH:7
end_of_record
SF:lib/core/data/models/game_model.g.dart
DA:9,0
DA:11,0
DA:12,0
DA:13,0
DA:14,0
DA:15,0
DA:16,0
DA:17,0
DA:18,0
DA:19,0
DA:20,0
DA:21,0
DA:22,0
DA:24,0
DA:26,0
DA:27,0
DA:29,0
DA:32,0
DA:33,0
DA:34,0
DA:36,0
DA:37,0
DA:39,0
DA:41,0
DA:43,0
DA:45,0
DA:47,0
DA:48,0
DA:49,0
DA:50,0
DA:52,0
DA:53,0
DA:54,0
DA:56,0
DA:57,0
DA:58,0
DA:61,0
DA:62,0
DA:63,0
DA:64,0
DA:65,0
DA:66,0
DA:67,0
DA:68,0
DA:69,0
DA:70,0
DA:71,0
DA:72,0
DA:73,0
DA:74,0
DA:75,0
DA:76,0
DA:77,0
DA:78,0
DA:79,0
DA:80,0
DA:81,0
DA:82,0
DA:83,0
DA:84,0
DA:85,0
DA:86,0
DA:87,0
DA:88,0
DA:89,0
DA:90,0
DA:91,0
DA:122,0
DA:123,0
DA:124,0
DA:125,0
DA:126,0
DA:127,0
DA:128,0
DA:129,0
DA:130,0
DA:133,0
DA:134,0
DA:135,0
DA:136,0
DA:137,0
DA:138,0
DA:139,0
DA:140,0
DA:141,0
DA:144,0
DA:145,0
DA:146,0
DA:147,0
DA:148,0
DA:149,0
DA:150,0
DA:153,0
DA:154,0
DA:155,0
DA:156,0
DA:157,0
DA:158,0
DA:159,0
LF:99
LH:0
end_of_record
SF:lib/core/presentation/bloc/game/game_bloc.dart
DA:12,1
DA:14,1
DA:15,2
DA:16,2
DA:17,2
DA:18,2
DA:19,2
DA:20,2
DA:21,2
DA:22,2
DA:23,2
DA:24,2
DA:25,2
DA:26,2
DA:27,2
DA:28,2
DA:29,2
DA:30,2
DA:31,2
DA:32,2
DA:33,2
DA:34,2
DA:35,2
DA:38,1
DA:43,1
DA:45,3
DA:47,2
DA:49,1
DA:52,0
DA:53,0
DA:59,0
DA:64,0
DA:66,0
DA:67,0
DA:68,0
DA:69,0
DA:71,0
DA:72,0
DA:73,0
DA:79,0
DA:80,0
DA:86,0
DA:91,0
DA:93,0
DA:94,0
DA:95,0
DA:96,0
DA:98,0
DA:99,0
DA:100,0
DA:106,0
DA:107,0
DA:113,0
DA:118,0
DA:120,0
DA:121,0
DA:122,0
DA:123,0
DA:125,0
DA:126,0
DA:127,0
DA:133,0
DA:134,0
DA:140,0
DA:145,0
DA:147,0
DA:148,0
DA:149,0
DA:152,0
DA:154,0
DA:155,0
DA:161,1
DA:166,1
DA:168,3
DA:169,3
DA:171,2
DA:176,0
DA:177,0
DA:183,0
DA:188,0
DA:190,0
DA:191,0
DA:192,0
DA:193,0
DA:194,0
DA:195,0
DA:196,0
DA:197,0
DA:198,0
DA:201,0
DA:203,0
DA:208,0
DA:213,0
DA:214,0
DA:220,0
DA:225,0
DA:227,0
DA:228,0
DA:229,0
DA:230,0
DA:231,0
DA:232,0
DA:233,0
DA:234,0
DA:235,0
DA:236,0
DA:237,0
DA:240,0
DA:242,0
DA:247,0
DA:252,0
DA:253,0
DA:259,1
DA:264,1
DA:266,4
DA:268,3
DA:270,2
DA:275,0
DA:280,0
DA:281,0
DA:287,0
DA:292,0
DA:294,0
DA:296,0
DA:298,0
DA:303,0
DA:308,0
DA:309,0
DA:315,1
DA:320,1
DA:322,3
DA:324,3
DA:326,2
DA:331,0
DA:336,0
DA:337,0
DA:343,0
DA:348,0
DA:350,0
DA:351,0
DA:352,0
DA:353,0
DA:356,0
DA:358,0
DA:363,0
DA:368,0
DA:369,0
DA:375,0
DA:380,0
DA:382,0
DA:384,0
DA:386,0
DA:391,0
DA:396,0
DA:397,0
DA:403,0
DA:408,0
DA:410,0
DA:412,0
DA:414,0
DA:419,0
DA:424,0
DA:425,0
DA:431,0
DA:436,0
DA:438,0
DA:439,0
DA:440,0
DA:441,0
DA:442,0
DA:445,0
DA:447,0
DA:448,0
DA:454,0
DA:459,0
DA:461,0
DA:462,0
DA:463,0
DA:466,0
DA:468,0
DA:469,0
DA:475,0
DA:480,0
DA:482,0
DA:483,0
DA:485,0
DA:486,0
DA:492,0
DA:497,0
DA:499,0
DA:500,0
DA:502,0
DA:503,0
DA:509,0
DA:514,0
DA:516,0
DA:517,0
DA:518,0
DA:521,0
DA:523,0
DA:524,0
DA:530,0
DA:535,0
DA:537,0
DA:538,0
DA:540,0
DA:541,0
DA:547,0
DA:552,0
DA:554,0
DA:556,0
DA:560,0
DA:561,0
DA:567,1
DA:569,1
DA:570,1
DA:571,1
LF:217
LH:47
end_of_record
SF:lib/core/presentation/bloc/game/game_event.dart
DA:5,2
DA:11,1
DA:13,0
DA:14,0
DA:20,0
DA:22,0
DA:23,0
DA:29,0
DA:31,0
DA:32,0
DA:38,0
DA:40,0
DA:41,0
DA:48,0
DA:53,0
DA:54,0
DA:60,1
DA:62,0
DA:63,0
DA:76,0
DA:87,0
DA:88,0
DA:89,0
DA:90,0
DA:91,0
DA:92,0
DA:93,0
DA:94,0
DA:95,0
DA:96,0
DA:112,0
DA:125,0
DA:126,0
DA:127,0
DA:128,0
DA:129,0
DA:130,0
DA:131,0
DA:132,0
DA:133,0
DA:134,0
DA:135,0
DA:136,0
DA:144,1
DA:149,0
DA:150,0
DA:157,0
DA:162,0
DA:163,0
DA:169,1
DA:171,0
DA:172,0
DA:180,0
DA:186,0
DA:187,0
DA:193,0
DA:195,0
DA:196,0
DA:203,0
DA:208,0
DA:209,0
DA:218,0
DA:225,0
DA:226,0
DA:233,0
DA:238,0
DA:239,0
DA:243,0
DA:247,0
DA:254,0
DA:259,0
DA:260,0
DA:266,0
DA:268,0
DA:269,0
DA:275,0
DA:277,0
DA:278,0
LF:78
LH:5
end_of_record
SF:lib/core/presentation/bloc/game/game_state.dart
DA:5,24
DA:9,23
DA:13,23
DA:19,1
DA:21,1
DA:22,2
DA:28,0
DA:30,0
DA:31,0
DA:38,1
DA:43,1
DA:44,3
DA:51,1
DA:56,1
DA:57,3
DA:63,22
DA:65,0
DA:66,0
DA:72,0
DA:74,0
DA:75,0
DA:84,0
DA:89,0
DA:90,0
DA:99,23
DA:104,1
DA:105,3
LF:27
LH:16
end_of_record
SF:lib/core/presentation/bloc/invitation/invitation_bloc.dart
DA:12,2
DA:14,2
DA:15,4
DA:16,4
DA:17,4
DA:18,4
DA:19,4
DA:20,4
DA:23,1
DA:28,1
DA:30,2
DA:31,1
DA:32,1
DA:33,1
DA:34,1
DA:35,1
DA:38,2
DA:40,0
DA:41,0
DA:47,2
DA:52,2
DA:55,6
DA:58,1
DA:60,1
DA:61,1
DA:63,0
DA:64,0
DA:65,0
DA:71,2
DA:72,2
DA:78,1
DA:83,1
DA:85,3
DA:87,2
DA:89,0
DA:90,0
DA:96,1
DA:101,1
DA:103,2
DA:104,1
DA:105,1
DA:108,3
DA:110,2
DA:111,2
DA:117,1
DA:122,1
DA:124,2
DA:125,1
DA:126,1
DA:129,3
DA:131,2
DA:132,2
DA:138,1
DA:143,1
DA:145,2
DA:146,1
DA:147,1
DA:150,3
DA:152,0
DA:153,0
DA:159,2
DA:161,2
DA:162,2
LF:63
LH:54
end_of_record
SF:lib/core/presentation/bloc/invitation/invitation_event.dart
DA:4,2
DA:14,1
DA:22,0
DA:23,0
DA:24,0
DA:25,0
DA:26,0
DA:27,0
DA:28,0
DA:35,2
DA:37,0
DA:38,0
DA:44,1
DA:46,0
DA:47,0
DA:54,1
DA:59,0
DA:60,0
DA:67,1
DA:72,0
DA:73,0
DA:80,1
DA:85,0
DA:86,0
LF:24
LH:7
end_of_record
SF:lib/core/presentation/bloc/invitation/invitation_state.dart
DA:5,25
DA:9,23
DA:13,23
DA:20,1
DA:25,1
DA:26,3
DA:32,1
DA:34,1
DA:35,2
DA:42,2
DA:47,1
DA:48,3
DA:55,2
DA:60,1
DA:61,3
DA:68,2
DA:73,1
DA:74,3
DA:83,2
DA:88,1
DA:89,3
LF:21
LH:21
end_of_record
SF:lib/core/services/image_picker_service.dart
DA:10,1
DA:13,1
DA:19,2
DA:31,2
DA:35,0
DA:43,2
DA:48,1
DA:49,1
DA:53,1
DA:54,1
DA:58,0
DA:60,0
DA:61,0
DA:63,0
DA:64,0
DA:71,0
DA:80,0
DA:91,1
DA:92,1
DA:93,2
DA:94,1
DA:98,1
DA:99,4
DA:100,2
LF:24
LH:16
end_of_record
SF:lib/core/services/service_locator.dart
DA:28,15
DA:30,1
DA:34,2
DA:35,1
DA:36,2
DA:40,2
DA:41,2
DA:45,2
DA:46,2
DA:47,0
DA:52,2
DA:53,2
DA:54,0
DA:58,2
DA:59,2
DA:60,0
DA:64,2
DA:65,2
DA:66,0
DA:70,2
DA:71,2
DA:72,0
DA:76,2
DA:77,2
DA:78,0
DA:79,0
DA:80,0
DA:85,2
DA:86,2
DA:87,0
DA:88,0
DA:94,2
DA:95,2
DA:96,0
DA:101,2
DA:102,2
DA:103,0
DA:107,2
DA:108,2
DA:109,0
DA:113,2
DA:114,2
DA:115,0
DA:116,0
DA:117,0
DA:122,2
DA:123,2
DA:124,0
DA:129,2
DA:130,2
DA:131,0
DA:135,2
DA:136,2
DA:137,0
DA:141,2
DA:142,2
DA:143,0
DA:147,2
DA:148,2
DA:149,0
LF:60
LH:39
end_of_record
SF:lib/core/data/repositories/firestore_game_repository.dart
DA:14,0
DA:16,0
DA:18,0
DA:21,0
DA:22,0
DA:24,0
DA:28,0
DA:30,0
DA:33,0
DA:37,0
DA:38,0
DA:39,0
DA:40,0
DA:41,0
DA:42,0
DA:44,0
DA:45,0
DA:46,0
DA:53,0
DA:57,0
DA:60,0
DA:61,0
DA:62,0
DA:63,0
DA:64,0
DA:65,0
DA:66,0
DA:67,0
DA:68,0
DA:70,0
DA:74,0
DA:77,0
DA:78,0
DA:79,0
DA:80,0
DA:81,0
DA:82,0
DA:83,0
DA:84,0
DA:85,0
DA:87,0
DA:91,0
DA:94,0
DA:95,0
DA:96,0
DA:97,0
DA:98,0
DA:99,0
DA:100,0
DA:101,0
DA:102,0
DA:103,0
DA:104,0
DA:106,0
DA:110,0
DA:113,0
DA:114,0
DA:115,0
DA:116,0
DA:117,0
DA:118,0
DA:119,0
DA:120,0
DA:122,0
DA:123,0
DA:124,0
DA:125,0
DA:127,0
DA:131,0
DA:134,0
DA:135,0
DA:136,0
DA:137,0
DA:139,0
DA:143,0
DA:154,0
DA:156,0
DA:159,0
DA:169,0
DA:170,0
DA:171,0
DA:172,0
DA:174,0
DA:178,0
DA:191,0
DA:193,0
DA:196,0
DA:208,0
DA:209,0
DA:210,0
DA:211,0
DA:213,0
DA:217,0
DA:220,0
DA:222,0
DA:225,0
DA:227,0
DA:228,0
DA:229,0
DA:230,0
DA:232,0
DA:236,0
DA:239,0
DA:241,0
DA:244,0
DA:246,0
DA:247,0
DA:248,0
DA:249,0
DA:251,0
DA:255,0
DA:258,0
DA:260,0
DA:263,0
DA:265,0
DA:266,0
DA:267,0
DA:268,0
DA:270,0
DA:274,0
DA:280,0
DA:282,0
DA:285,0
DA:290,0
DA:291,0
DA:292,0
DA:293,0
DA:295,0
DA:299,0
DA:302,0
DA:304,0
DA:307,0
DA:309,0
DA:310,0
DA:311,0
DA:312,0
DA:314,0
DA:318,0
DA:321,0
DA:323,0
DA:326,0
DA:328,0
DA:329,0
DA:330,0
DA:331,0
DA:333,0
DA:337,0
DA:348,0
DA:349,0
DA:351,0
DA:352,0
DA:353,0
DA:354,0
DA:356,0
DA:357,0
DA:358,0
DA:359,0
DA:360,0
DA:361,0
DA:364,0
DA:365,0
DA:366,0
DA:367,0
DA:368,0
DA:371,0
DA:372,0
DA:375,0
DA:378,0
DA:379,0
DA:381,0
DA:383,0
DA:387,0
DA:391,0
DA:397,0
DA:398,0
DA:399,0
DA:400,0
DA:401,0
DA:402,0
DA:404,0
DA:405,0
DA:406,0
DA:407,0
DA:409,0
DA:413,0
DA:416,0
DA:417,0
DA:418,0
DA:420,0
DA:421,0
DA:422,0
DA:423,0
DA:424,0
DA:425,0
DA:427,0
DA:428,0
DA:429,0
DA:430,0
DA:432,0
DA:436,0
DA:439,0
DA:440,0
DA:441,0
DA:443,0
DA:444,0
DA:445,0
DA:446,0
DA:447,0
DA:448,0
DA:450,0
DA:451,0
DA:452,0
DA:453,0
DA:455,0
DA:459,0
DA:461,0
DA:464,0
DA:467,0
DA:468,0
DA:469,0
DA:470,0
DA:471,0
DA:472,0
DA:474,0
DA:475,0
DA:476,0
DA:477,0
DA:479,0
DA:483,0
DA:486,0
DA:487,0
DA:489,0
DA:493,0
DA:496,0
DA:497,0
DA:499,0
DA:503,0
DA:506,0
DA:509,0
DA:511,0
DA:515,0
DA:518,0
DA:520,0
DA:524,0
DA:527,0
DA:528,0
DA:530,0
DA:534,0
DA:537,0
DA:539,0
DA:542,0
DA:543,0
DA:544,0
DA:545,0
DA:546,0
DA:547,0
DA:548,0
DA:549,0
DA:550,0
DA:551,0
DA:552,0
DA:553,0
DA:554,0
DA:555,0
DA:558,0
DA:563,0
DA:566,0
DA:567,0
DA:569,0
DA:570,0
DA:572,0
DA:574,0
LF:272
LH:0
end_of_record
SF:lib/core/data/repositories/firestore_user_repository.dart
DA:16,0
DA:19,0
DA:20,0
DA:22,0
DA:24,0
DA:28,0
DA:29,0
DA:30,0
DA:31,0
DA:32,0
DA:37,0
DA:40,0
DA:41,0
DA:43,0
DA:47,0
DA:49,0
DA:53,0
DA:54,0
DA:59,0
DA:60,0
DA:61,0
DA:64,0
DA:65,0
DA:66,0
DA:67,0
DA:68,0
DA:69,0
DA:73,0
DA:74,0
DA:75,0
DA:77,0
DA:81,0
DA:84,0
DA:85,0
DA:86,0
DA:87,0
DA:89,0
DA:93,0
DA:104,0
DA:106,0
DA:109,0
DA:119,0
DA:121,0
DA:125,0
DA:132,0
DA:134,0
DA:137,0
DA:143,0
DA:145,0
DA:149,0
DA:156,0
DA:158,0
DA:161,0
DA:167,0
DA:169,0
DA:173,0
DA:176,0
DA:178,0
DA:181,0
DA:182,0
DA:184,0
DA:188,0
DA:191,0
DA:193,0
DA:196,0
DA:197,0
DA:199,0
DA:203,0
DA:209,0
DA:211,0
DA:214,0
DA:215,0
DA:217,0
DA:221,0
DA:223,0
DA:226,0
DA:229,0
DA:230,0
DA:231,0
DA:232,0
DA:233,0
DA:234,0
DA:237,0
DA:238,0
DA:239,0
DA:240,0
DA:241,0
DA:242,0
DA:244,0
DA:247,0
DA:248,0
DA:249,0
DA:250,0
DA:255,0
DA:256,0
DA:257,0
DA:258,0
DA:262,0
DA:264,0
DA:268,0
DA:271,0
DA:272,0
DA:273,0
DA:274,0
DA:276,0
DA:277,0
DA:278,0
DA:279,0
DA:281,0
DA:285,0
DA:288,0
DA:290,0
DA:294,0
DA:297,0
DA:298,0
DA:300,0
LF:116
LH:0
end_of_record
SF:lib/features/auth/data/repositories/firebase_auth_repository.dart
DA:12,0
DA:13,0
DA:15,0
DA:17,0
DA:19,0
DA:22,0
DA:24,0
DA:26,0
DA:30,0
DA:36,0
DA:41,0
DA:42,0
DA:45,0
DA:46,0
DA:47,0
DA:48,0
DA:49,0
DA:51,0
DA:52,0
DA:56,0
DA:62,0
DA:67,0
DA:68,0
DA:71,0
DA:72,0
DA:73,0
DA:74,0
DA:75,0
DA:77,0
DA:78,0
DA:82,0
DA:85,0
DA:87,0
DA:88,0
DA:91,0
DA:92,0
DA:93,0
DA:94,0
DA:95,0
DA:97,0
DA:98,0
DA:102,0
DA:105,0
DA:106,0
DA:107,0
DA:108,0
DA:109,0
DA:111,0
DA:112,0
DA:116,0
DA:118,0
DA:120,0
DA:124,0
DA:125,0
DA:126,0
DA:127,0
DA:128,0
DA:130,0
DA:131,0
DA:135,0
DA:137,0
DA:139,0
DA:143,0
DA:144,0
DA:146,0
DA:147,0
DA:151,0
DA:154,0
DA:155,0
DA:157,0
DA:158,0
DA:162,0
DA:167,0
DA:169,0
DA:173,0
DA:175,0
DA:177,0
DA:178,0
DA:180,0
DA:181,0
DA:186,0
DA:187,0
DA:188,0
DA:189,0
DA:190,0
DA:191,0
DA:192,0
DA:193,0
DA:194,0
DA:195,0
DA:196,0
DA:197,0
DA:198,0
DA:199,0
DA:200,0
DA:201,0
DA:202,0
DA:203,0
DA:204,0
DA:205,0
DA:206,0
DA:207,0
DA:209,0
LF:103
LH:0
end_of_record
SF:lib/features/auth/presentation/bloc/authentication/authentication_bloc.dart
DA:13,1
DA:16,1
DA:17,2
DA:18,2
DA:19,2
DA:22,1
DA:26,2
DA:28,4
DA:29,1
DA:30,4
DA:31,2
DA:33,0
DA:34,0
DA:35,0
DA:40,1
DA:44,1
DA:45,5
DA:46,3
DA:48,2
DA:49,1
DA:53,0
DA:58,0
DA:59,0
DA:60,0
DA:62,0
DA:68,1
DA:70,2
DA:71,2
DA:72,1
LF:29
LH:21
end_of_record
SF:lib/features/auth/presentation/bloc/login/login_bloc.dart
DA:10,3
DA:13,3
DA:14,6
DA:15,6
DA:16,6
DA:19,1
DA:23,1
DA:26,4
DA:29,3
DA:30,1
DA:34,3
DA:35,1
DA:39,2
DA:40,1
DA:44,2
DA:45,2
DA:46,1
DA:49,2
DA:50,1
DA:52,3
DA:53,1
DA:55,1
DA:56,1
DA:59,1
DA:60,1
DA:62,2
DA:66,1
DA:70,1
DA:73,2
DA:75,2
DA:77,2
DA:78,1
DA:80,3
DA:81,1
DA:83,1
DA:84,1
DA:87,1
DA:88,0
DA:90,2
DA:94,1
DA:98,2
DA:99,1
DA:103,1
DA:104,2
LF:44
LH:43
end_of_record
SF:lib/features/auth/presentation/bloc/registration/registration_bloc.dart
DA:13,0
DA:18,0
DA:19,0
DA:20,0
DA:23,0
DA:27,0
DA:30,0
DA:33,0
DA:35,0
DA:40,0
DA:41,0
DA:42,0
DA:45,0
DA:49,0
DA:51,0
DA:52,0
DA:53,0
DA:55,0
DA:62,0
DA:63,0
DA:64,0
DA:65,0
DA:66,0
DA:67,0
DA:68,0
DA:69,0
DA:71,0
DA:72,0
DA:73,0
DA:75,0
DA:76,0
DA:77,0
DA:84,0
DA:85,0
DA:87,0
DA:91,0
DA:93,0
DA:95,0
DA:96,0
DA:99,0
DA:100,0
DA:102,0
DA:103,0
DA:107,0
DA:111,0
DA:112,0
DA:116,0
DA:117,0
DA:121,0
DA:125,0
DA:129,0
DA:133,0
DA:137,0
DA:145,0
DA:146,0
LF:55
LH:0
end_of_record
SF:lib/features/auth/presentation/bloc/password_reset/password_reset_bloc.dart
DA:10,0
DA:13,0
DA:14,0
DA:15,0
DA:18,0
DA:22,0
DA:25,0
DA:28,0
DA:29,0
DA:33,0
DA:34,0
DA:38,0
DA:39,0
DA:42,0
DA:43,0
DA:45,0
DA:46,0
DA:47,0
DA:51,0
DA:55,0
DA:56,0
DA:60,0
DA:61,0
LF:23
LH:0
end_of_record
SF:lib/features/profile/data/repositories/locale_preferences_repository_impl.dart
DA:19,1
DA:25,1
DA:28,2
DA:29,2
DA:30,2
DA:31,2
DA:35,1
DA:38,1
DA:39,1
DA:41,1
DA:43,1
DA:48,0
DA:52,1
DA:55,2
DA:57,2
DA:59,3
DA:61,1
DA:62,2
DA:64,2
DA:65,2
DA:67,2
DA:71,1
DA:77,1
DA:78,1
DA:80,1
DA:81,1
DA:82,1
DA:83,1
DA:84,1
DA:85,2
DA:87,2
DA:91,1
DA:94,1
DA:95,1
DA:96,1
DA:97,1
DA:98,1
DA:99,1
DA:101,2
DA:105,2
DA:106,1
DA:108,2
DA:112,1
DA:115,1
DA:116,1
LF:45
LH:44
end_of_record
SF:lib/features/auth/data/models/user_model.dart
DA:21,0
DA:23,0
DA:24,0
DA:27,0
DA:28,0
DA:29,0
DA:30,0
DA:31,0
DA:32,0
DA:33,0
DA:34,0
DA:35,0
DA:36,0
DA:41,0
DA:42,0
DA:43,0
DA:44,0
DA:45,0
DA:46,0
DA:47,0
DA:48,0
DA:49,0
DA:50,0
DA:55,0
DA:56,0
DA:57,0
DA:58,0
DA:59,0
DA:60,0
DA:61,0
DA:62,0
DA:63,0
DA:64,0
LF:33
LH:0
end_of_record
SF:lib/features/auth/data/models/user_model.g.dart
DA:9,0
DA:10,0
DA:11,0
DA:12,0
DA:13,0
DA:14,0
DA:15,0
DA:16,0
DA:18,0
DA:19,0
DA:21,0
DA:22,0
DA:25,0
DA:26,0
DA:27,0
DA:28,0
DA:29,0
DA:30,0
DA:31,0
DA:32,0
DA:33,0
DA:34,0
LF:22
LH:0
end_of_record
SF:lib/features/auth/domain/entities/user_entity.dart
DA:18,13
DA:21,0
DA:24,5
LF:3
LH:2
end_of_record
SF:lib/features/auth/presentation/bloc/authentication/authentication_event.dart
DA:5,56
DA:7,0
DA:8,0
DA:13,17
DA:18,22
DA:22,0
DA:23,0
DA:28,34
LF:8
LH:4
end_of_record
SF:lib/features/auth/presentation/bloc/authentication/authentication_state.dart
DA:5,27
DA:7,0
DA:8,0
DA:13,22
DA:18,4
DA:22,0
DA:23,0
DA:28,23
LF:8
LH:4
end_of_record
SF:lib/features/auth/presentation/bloc/login/login_event.dart
DA:4,19
DA:6,0
DA:7,0
DA:12,2
DA:20,0
DA:21,0
DA:26,18
DA:31,1
LF:8
LH:4
end_of_record
SF:lib/features/auth/presentation/bloc/login/login_state.dart
DA:4,23
DA:6,1
DA:7,1
DA:12,22
DA:17,22
DA:22,22
DA:27,23
DA:31,1
DA:32,2
LF:9
LH:9
end_of_record
SF:lib/features/auth/presentation/bloc/password_reset/password_reset_event.dart
DA:4,0
DA:6,0
DA:7,0
DA:12,0
DA:16,0
DA:17,0
DA:22,0
LF:7
LH:0
end_of_record
SF:lib/features/auth/presentation/bloc/password_reset/password_reset_state.dart
DA:4,21
DA:6,0
DA:7,0
DA:12,21
DA:17,21
DA:22,0
DA:26,0
DA:27,0
DA:32,21
DA:36,0
DA:37,0
LF:11
LH:4
end_of_record
SF:lib/features/auth/presentation/bloc/registration/registration_event.dart
DA:4,0
DA:6,0
DA:7,0
DA:12,0
DA:24,0
DA:25,0
DA:30,0
LF:7
LH:0
end_of_record
SF:lib/features/auth/presentation/bloc/registration/registration_state.dart
DA:4,21
DA:6,0
DA:7,0
DA:12,21
DA:17,21
DA:22,21
DA:27,0
DA:31,0
DA:32,0
LF:9
LH:4
end_of_record
SF:lib/features/profile/data/models/locale_preferences_model.dart
DA:12,1
DA:20,1
DA:21,1
DA:22,2
DA:23,1
DA:24,1
DA:25,1
DA:30,0
DA:33,0
DA:35,0
DA:38,0
DA:39,0
DA:40,0
DA:41,0
DA:42,0
DA:43,0
DA:49,1
DA:50,1
DA:51,1
DA:52,1
DA:53,1
DA:54,1
DA:55,2
DA:61,1
DA:62,1
DA:63,2
DA:64,1
DA:65,1
DA:66,1
DA:71,1
DA:72,1
DA:73,1
DA:74,1
DA:75,1
DA:76,1
DA:77,0
DA:78,1
DA:83,0
DA:84,0
DA:85,0
DA:86,0
DA:87,0
DA:88,0
LF:43
LH:27
end_of_record
SF:lib/features/profile/domain/entities/locale_preferences_entity.dart
DA:16,25
DA:19,4
DA:38,1
DA:39,1
DA:40,1
DA:42,1
DA:44,1
DA:46,1
DA:48,1
DA:51,0
LF:10
LH:9
end_of_record
SF:lib/app/play_with_me_app.dart
DA:33,1
DA:35,1
DA:37,1
DA:38,1
DA:39,1
DA:40,4
DA:42,1
DA:43,3
DA:45,1
DA:46,0
DA:48,1
DA:49,0
DA:51,1
DA:52,2
DA:53,2
DA:54,1
DA:57,1
DA:58,1
DA:61,1
DA:62,2
DA:65,1
DA:66,2
DA:67,1
DA:68,1
DA:79,1
DA:80,1
DA:81,1
DA:83,1
DA:90,1
DA:91,0
DA:92,0
DA:93,0
DA:94,0
DA:104,18
DA:106,1
DA:107,1
DA:118,1
DA:120,1
DA:123,3
DA:124,3
DA:125,3
DA:127,1
DA:128,5
DA:129,5
DA:132,2
DA:134,1
DA:135,1
DA:141,1
DA:143,2
DA:144,2
DA:145,1
DA:148,0
DA:149,0
DA:150,0
DA:154,1
DA:156,1
DA:157,1
DA:158,1
DA:159,1
DA:160,1
DA:161,1
DA:162,1
DA:167,1
DA:168,3
DA:169,3
DA:170,3
DA:171,1
DA:173,1
DA:175,1
DA:176,1
DA:178,1
DA:179,0
DA:182,1
DA:183,1
DA:184,1
DA:187,0
DA:188,0
DA:190,0
DA:191,0
DA:192,0
DA:199,1
DA:200,0
DA:203,0
DA:205,0
DA:207,0
DA:213,0
DA:214,0
DA:228,1
DA:230,2
DA:231,0
DA:232,0
DA:235,1
DA:237,2
DA:238,0
DA:239,0
DA:248,1
DA:249,1
DA:250,1
DA:251,1
DA:261,1
DA:262,1
DA:263,1
DA:265,2
DA:267,1
DA:269,2
DA:272,1
DA:273,1
DA:282,17
DA:284,1
DA:286,1
DA:287,1
DA:289,1
DA:290,1
DA:291,2
DA:295,1
DA:296,2
DA:300,1
DA:302,1
DA:303,1
DA:304,1
DA:305,1
DA:306,1
DA:307,1
DA:308,1
DA:309,1
DA:311,1
DA:315,1
DA:317,1
DA:318,1
DA:319,1
DA:321,1
DA:322,1
DA:323,1
DA:327,1
DA:332,1
DA:333,6
DA:339,1
DA:340,4
DA:344,1
DA:345,4
DA:358,17
DA:360,1
DA:362,1
DA:363,1
DA:364,1
DA:366,1
DA:367,1
DA:370,2
DA:373,1
DA:374,2
DA:375,3
DA:380,3
LF:152
LH:127
end_of_record
SF:lib/l10n/app_localizations.dart
DA:68,9
DA:69,18
DA:73,8
DA:74,8
DA:488,17
DA:490,9
DA:492,18
DA:495,9
DA:497,27
DA:499,1
DA:503,9
DA:505,9
DA:506,9
DA:507,0
DA:508,9
DA:509,9
DA:510,0
DA:511,0
DA:512,0
DA:513,0
DA:514,0
DA:515,0
DA:518,0
LF:23
LH:15
end_of_record
SF:lib/core/widgets/environment_indicator.dart
DA:10,17
DA:15,1
DA:18,1
DA:22,1
DA:25,1
DA:26,1
DA:27,1
DA:28,1
DA:29,2
DA:34,1
DA:36,2
DA:41,0
DA:42,0
DA:44,0
DA:45,0
DA:46,0
DA:51,0
DA:52,0
DA:60,0
DA:61,0
DA:69,1
DA:70,1
DA:72,1
DA:74,1
DA:75,1
DA:76,1
DA:77,1
DA:78,1
DA:83,1
DA:84,2
DA:92,1
DA:93,1
DA:98,1
DA:99,1
DA:108,1
DA:109,2
DA:119,1
DA:120,1
DA:121,1
DA:122,1
DA:123,1
DA:124,1
DA:125,0
DA:126,0
DA:130,1
DA:131,1
DA:132,1
DA:134,1
DA:136,0
DA:145,17
DA:147,1
DA:148,1
DA:154,1
DA:157,1
DA:161,1
DA:164,1
DA:166,1
DA:167,1
DA:168,1
DA:170,1
DA:172,2
DA:178,1
DA:179,1
DA:180,0
DA:181,1
DA:183,1
DA:185,1
DA:186,1
DA:192,1
DA:194,1
DA:202,0
DA:203,0
DA:205,0
DA:208,0
DA:211,0
DA:212,0
DA:213,0
DA:214,0
DA:216,0
DA:217,0
DA:219,0
DA:228,0
DA:229,0
DA:230,0
DA:235,0
DA:236,0
DA:237,0
DA:238,0
DA:240,0
DA:242,0
DA:243,0
DA:244,0
DA:248,0
DA:250,0
DA:259,0
DA:260,0
DA:262,0
DA:264,0
DA:265,0
DA:267,0
DA:269,0
DA:272,0
DA:273,0
DA:275,0
DA:284,0
DA:285,0
DA:286,0
DA:287,0
DA:288,0
DA:289,0
LF:110
LH:57
end_of_record
SF:lib/core/services/firebase_service.dart
DA:14,0
DA:16,0
DA:21,0
DA:24,0
DA:25,0
DA:33,0
DA:34,0
DA:35,0
DA:40,0
DA:41,0
DA:42,0
DA:45,0
DA:46,0
DA:47,0
DA:48,0
DA:49,0
DA:53,0
DA:54,0
DA:55,0
DA:56,0
DA:59,0
DA:61,0
DA:62,0
DA:64,0
DA:66,0
DA:68,0
DA:69,0
DA:70,0
DA:81,0
DA:85,0
DA:88,0
DA:92,0
DA:93,0
DA:96,0
DA:97,0
DA:98,0
DA:99,0
DA:107,0
DA:108,0
DA:111,0
DA:114,0
DA:116,0
DA:119,0
DA:123,0
DA:128,0
DA:133,0
DA:134,0
DA:137,0
DA:138,0
DA:141,0
DA:144,0
DA:150,0
DA:153,1
DA:156,0
DA:158,0
DA:160,0
DA:164,0
DA:166,0
DA:168,0
DA:172,1
DA:173,1
DA:175,1
DA:176,1
DA:177,0
DA:182,0
DA:189,0
DA:190,0
DA:191,0
DA:192,0
DA:194,0
DA:197,0
DA:203,0
DA:205,0
DA:209,0
DA:218,0
DA:223,0
DA:225,0
LF:77
LH:5
end_of_record
SF:lib/features/auth/presentation/pages/login_page.dart
DA:10,35
DA:12,0
DA:13,0
DA:16,2
DA:17,2
DA:26,2
DA:28,4
DA:29,4
DA:30,2
DA:33,2
DA:35,2
DA:36,2
DA:40,2
DA:41,0
DA:42,0
DA:43,0
DA:44,0
DA:45,0
DA:46,0
DA:47,0
DA:54,2
DA:56,2
DA:57,2
DA:58,2
DA:59,2
DA:62,2
DA:63,2
DA:66,4
DA:69,2
DA:71,6
DA:75,2
DA:77,6
DA:81,2
DA:82,2
DA:87,0
DA:88,0
DA:91,0
DA:98,2
DA:99,2
DA:101,2
DA:104,2
DA:105,2
DA:106,2
DA:108,0
DA:109,0
DA:110,0
DA:114,0
DA:115,0
DA:120,0
DA:123,2
DA:124,2
DA:125,2
DA:127,2
DA:128,2
DA:133,2
DA:134,2
DA:135,2
DA:138,2
DA:139,0
DA:140,0
DA:146,2
DA:148,2
DA:150,2
DA:151,0
DA:152,0
DA:158,2
DA:159,0
DA:160,0
DA:173,0
DA:174,0
DA:175,0
DA:176,0
DA:177,0
DA:178,0
LF:74
LH:44
end_of_record
SF:lib/features/auth/presentation/pages/registration_page.dart
DA:10,34
DA:12,0
DA:13,0
DA:16,0
DA:17,0
DA:29,0
DA:31,0
DA:32,0
DA:33,0
DA:34,0
DA:35,0
DA:38,0
DA:40,0
DA:41,0
DA:45,0
DA:46,0
DA:47,0
DA:48,0
DA:49,0
DA:50,0
DA:51,0
DA:52,0
DA:56,0
DA:57,0
DA:63,0
DA:66,0
DA:68,0
DA:69,0
DA:70,0
DA:72,0
DA:74,0
DA:77,0
DA:80,0
DA:82,0
DA:86,0
DA:88,0
DA:92,0
DA:93,0
DA:98,0
DA:99,0
DA:102,0
DA:109,0
DA:110,0
DA:114,0
DA:115,0
DA:122,0
DA:123,0
DA:125,0
DA:128,0
DA:129,0
DA:130,0
DA:132,0
DA:133,0
DA:134,0
DA:138,0
DA:139,0
DA:142,0
DA:149,0
DA:150,0
DA:152,0
DA:155,0
DA:156,0
DA:157,0
DA:159,0
DA:160,0
DA:161,0
DA:165,0
DA:166,0
DA:169,0
DA:174,0
DA:177,0
DA:178,0
DA:179,0
DA:181,0
DA:182,0
DA:187,0
DA:189,0
DA:191,0
DA:192,0
DA:193,0
DA:200,0
DA:202,0
DA:204,0
DA:205,0
DA:218,0
DA:219,0
DA:220,0
DA:221,0
DA:222,0
DA:223,0
DA:224,0
DA:225,0
DA:226,0
LF:93
LH:1
end_of_record
SF:lib/features/auth/presentation/pages/password_reset_page.dart
DA:10,34
DA:12,0
DA:13,0
DA:16,0
DA:17,0
DA:24,0
DA:26,0
DA:27,0
DA:30,0
DA:32,0
DA:33,0
DA:37,0
DA:38,0
DA:39,0
DA:40,0
DA:41,0
DA:42,0
DA:43,0
DA:44,0
DA:48,0
DA:49,0
DA:52,0
DA:54,0
DA:55,0
DA:56,0
DA:59,0
DA:60,0
DA:63,0
DA:66,0
DA:68,0
DA:72,0
DA:74,0
DA:78,0
DA:79,0
DA:84,0
DA:85,0
DA:88,0
DA:93,0
DA:96,0
DA:97,0
DA:98,0
DA:100,0
DA:101,0
DA:106,0
DA:107,0
DA:108,0
DA:120,0
DA:121,0
DA:122,0
DA:123,0
DA:128,0
DA:129,0
DA:130,0
DA:132,0
DA:133,0
DA:134,0
DA:140,0
DA:142,0
DA:143,0
DA:148,0
DA:154,0
DA:157,0
DA:161,0
DA:162,0
DA:163,0
DA:164,0
DA:165,0
LF:67
LH:1
end_of_record
SF:lib/features/profile/presentation/pages/profile_page.dart
DA:19,18
DA:21,1
DA:23,1
DA:24,1
DA:25,3
DA:28,1
DA:29,1
DA:30,1
DA:31,1
DA:34,1
DA:41,1
DA:42,3
DA:52,1
DA:56,1
DA:58,1
DA:59,1
DA:61,1
DA:63,3
DA:67,1
DA:68,2
DA:69,0
DA:73,1
DA:74,0
DA:75,0
DA:76,0
DA:78,0
DA:79,0
DA:80,0
DA:81,0
DA:82,0
DA:86,0
DA:87,0
DA:88,0
DA:92,0
DA:98,0
DA:99,0
DA:107,0
DA:108,0
DA:110,0
DA:111,0
DA:112,0
DA:113,0
DA:115,0
DA:122,0
DA:123,0
DA:124,0
DA:126,0
DA:127,0
DA:128,0
DA:129,0
DA:130,0
DA:131,0
DA:132,0
DA:134,0
DA:135,0
DA:138,0
DA:139,0
DA:140,0
DA:141,0
DA:143,0
LF:60
LH:21
end_of_record
SF:lib/features/profile/presentation/bloc/locale_preferences/locale_preferences_bloc.dart
DA:18,2
DA:21,2
DA:22,4
DA:23,4
DA:24,4
DA:25,4
DA:26,4
DA:30,2
DA:34,2
DA:37,4
DA:40,4
DA:41,2
DA:42,2
DA:43,2
DA:45,2
DA:48,2
DA:49,2
DA:51,4
DA:56,2
DA:57,1
DA:63,1
DA:67,1
DA:69,2
DA:70,1
DA:71,2
DA:72,2
DA:73,2
DA:76,1
DA:78,2
DA:79,1
DA:85,1
DA:89,1
DA:91,2
DA:92,2
DA:93,1
DA:94,2
DA:95,2
DA:98,1
DA:100,2
DA:101,1
DA:107,1
DA:111,1
DA:114,1
DA:115,1
DA:119,2
DA:120,1
DA:125,2
DA:126,1
DA:127,2
DA:128,2
DA:130,1
DA:134,2
DA:137,3
DA:140,1
DA:141,1
DA:144,1
DA:147,2
DA:152,2
DA:153,1
DA:154,1
DA:160,1
DA:164,1
DA:167,3
DA:171,2
DA:172,1
DA:173,1
DA:174,1
DA:176,1
DA:179,1
DA:180,1
DA:182,2
DA:188,1
DA:191,2
DA:192,1
DA:198,1
DA:199,2
DA:203,5
DA:204,5
LF:78
LH:78
end_of_record
SF:lib/features/groups/presentation/pages/group_list_page.dart
DA:20,19
DA:22,3
DA:24,3
DA:25,3
DA:26,3
DA:27,2
DA:28,2
DA:29,6
DA:31,2
DA:32,6
DA:39,3
DA:40,2
DA:41,2
DA:42,2
DA:47,1
DA:48,2
DA:54,3
DA:55,3
DA:56,3
DA:57,3
DA:58,3
DA:64,3
DA:65,1
DA:66,1
DA:68,1
DA:69,1
DA:72,3
DA:75,1
DA:76,2
DA:77,3
DA:80,1
DA:82,1
DA:83,1
DA:84,3
DA:89,1
DA:90,1
DA:91,2
DA:92,3
DA:96,3
DA:103,3
DA:104,11
DA:106,6
DA:110,2
DA:111,0
DA:112,0
DA:113,0
DA:116,2
DA:118,4
DA:119,2
DA:120,4
DA:121,2
DA:123,0
DA:134,3
DA:135,2
DA:137,9
DA:142,0
DA:143,0
DA:144,0
DA:145,0
DA:150,1
DA:151,2
DA:152,1
DA:153,2
DA:154,3
LF:64
LH:56
end_of_record
SF:lib/features/invitations/presentation/pages/pending_invitations_page.dart
DA:14,17
DA:16,0
DA:18,0
DA:19,0
DA:20,0
DA:21,0
DA:22,0
DA:32,0
DA:33,0
DA:34,0
DA:35,0
DA:39,0
DA:44,0
DA:46,0
DA:47,0
DA:51,0
DA:52,0
DA:53,0
DA:54,0
DA:55,0
DA:56,0
DA:61,0
DA:62,0
DA:64,0
DA:65,0
DA:66,0
DA:67,0
DA:72,0
DA:73,0
DA:75,0
DA:76,0
DA:77,0
DA:78,0
DA:83,0
DA:84,0
DA:88,0
DA:90,0
DA:97,0
DA:98,0
DA:99,0
DA:102,0
DA:103,0
DA:104,0
DA:105,0
DA:106,0
DA:108,0
DA:109,0
DA:110,0
DA:111,0
DA:112,0
DA:116,0
DA:117,0
DA:118,0
DA:119,0
DA:120,0
DA:130,0
DA:136,0
DA:137,0
DA:138,0
DA:140,0
DA:141,0
DA:144,0
DA:147,0
DA:149,0
DA:152,0
DA:154,0
DA:156,0
DA:157,0
LF:68
LH:1
end_of_record
SF:lib/core/config/firebase_config_base.dart
DA:35,0
DA:38,0
DA:41,0
DA:43,0
DA:45,0
LF:5
LH:0
end_of_record
SF:lib/core/config/firebase_config_dev.dart
DA:8,0
DA:11,0
DA:14,0
DA:17,0
DA:20,0
DA:23,0
DA:26,0
DA:29,0
DA:32,0
DA:35,0
LF:10
LH:0
end_of_record
SF:lib/core/config/firebase_config_prod.dart
DA:8,0
DA:11,0
DA:14,0
DA:17,0
DA:20,0
DA:23,0
DA:26,0
DA:29,0
DA:32,0
DA:35,0
LF:10
LH:0
end_of_record
SF:lib/core/config/firebase_config_stg.dart
DA:8,0
DA:11,0
DA:14,0
DA:17,0
DA:20,0
DA:23,0
DA:26,0
DA:29,0
DA:32,0
DA:35,0
LF:10
LH:0
end_of_record
SF:lib/core/services/firebase_options_provider.dart
DA:12,0
DA:13,0
DA:15,0
DA:18,0
DA:19,0
DA:20,0
DA:21,0
DA:22,0
DA:23,0
DA:28,0
DA:29,0
DA:30,0
DA:31,0
DA:32,0
DA:33,0
DA:34,0
DA:35,0
DA:36,0
DA:37,0
DA:38,0
DA:43,0
DA:44,0
DA:45,0
DA:46,0
DA:47,0
DA:48,0
DA:49,0
DA:50,0
DA:51,0
DA:52,0
DA:53,0
DA:58,0
DA:59,0
DA:60,0
DA:61,0
DA:62,0
DA:63,0
DA:64,0
DA:65,0
DA:66,0
DA:67,0
DA:68,0
DA:74,0
DA:76,0
DA:79,0
DA:80,0
DA:81,0
DA:82,0
DA:85,0
DA:86,0
DA:87,0
DA:92,0
DA:93,0
DA:94,0
DA:95,0
DA:99,0
DA:103,0
DA:109,0
DA:110,0
DA:112,0
DA:113,0
DA:114,0
DA:115,0
DA:116,0
DA:117,0
DA:118,0
DA:123,0
DA:124,0
DA:125,0
DA:126,0
LF:70
LH:0
end_of_record
SF:lib/features/auth/presentation/widgets/auth_form_field.dart
DA:4,2
DA:29,2
DA:31,2
DA:32,2
DA:33,2
DA:34,2
DA:35,2
DA:36,2
DA:37,2
DA:38,2
DA:39,2
DA:40,2
DA:41,6
DA:42,2
DA:43,2
DA:44,2
DA:46,2
DA:47,2
DA:48,2
DA:49,2
DA:52,2
DA:53,2
DA:54,2
DA:55,4
DA:59,2
DA:60,2
DA:65,2
DA:66,2
DA:73,4
LF:29
LH:29
end_of_record
SF:lib/features/auth/presentation/widgets/auth_button.dart
DA:4,2
DA:17,2
DA:19,2
DA:20,2
DA:21,4
DA:22,2
DA:24,2
DA:25,2
DA:27,2
DA:28,4
DA:31,2
DA:39,2
DA:40,2
DA:49,2
DA:50,4
DA:51,2
DA:53,2
DA:54,2
DA:56,4
DA:59,2
DA:68,2
DA:69,2
LF:22
LH:22
end_of_record
SF:lib/features/groups/presentation/pages/group_creation_page.dart
DA:11,17
DA:13,1
DA:14,1
DA:22,1
DA:24,2
DA:25,2
DA:26,1
DA:29,0
DA:30,0
DA:33,0
DA:39,0
DA:40,0
DA:44,0
DA:45,0
DA:47,0
DA:48,0
DA:51,0
DA:54,0
DA:55,0
DA:59,0
DA:62,1
DA:64,1
DA:65,1
DA:69,1
DA:70,0
DA:71,0
DA:73,0
DA:82,0
DA:83,0
DA:84,0
DA:87,0
DA:89,0
DA:90,0
DA:91,0
DA:98,1
DA:99,1
DA:101,1
DA:102,1
DA:103,1
DA:109,1
DA:111,1
DA:112,1
DA:113,1
DA:115,1
DA:128,1
DA:129,1
DA:138,1
DA:146,1
DA:147,1
DA:164,1
DA:165,1
DA:166,1
DA:168,1
DA:169,1
DA:170,2
DA:172,1
DA:173,1
DA:175,1
DA:176,1
DA:188,1
DA:191,0
DA:202,1
DA:203,1
DA:210,1
DA:211,0
DA:212,1
LF:66
LH:41
end_of_record
SF:lib/features/groups/presentation/pages/group_details_page.dart
DA:20,0
DA:27,0
DA:28,0
DA:39,0
DA:41,0
DA:42,0
DA:43,0
DA:44,0
DA:47,0
DA:48,0
DA:49,0
DA:50,0
DA:55,0
DA:57,0
DA:58,0
DA:59,0
DA:65,0
DA:67,0
DA:68,0
DA:69,0
DA:70,0
DA:73,0
DA:74,0
DA:75,0
DA:80,0
DA:82,0
DA:83,0
DA:84,0
DA:85,0
DA:86,0
DA:95,0
DA:96,0
DA:100,0
DA:101,0
DA:107,0
DA:109,0
DA:115,0
DA:116,0
DA:117,0
DA:119,0
DA:120,0
DA:123,0
DA:126,0
DA:128,0
DA:131,0
DA:133,0
DA:134,0
DA:135,0
DA:140,0
DA:141,0
DA:150,0
DA:156,0
DA:157,0
DA:158,0
DA:160,0
DA:162,0
DA:164,0
DA:168,0
DA:170,0
DA:171,0
DA:172,0
DA:177,0
DA:180,0
DA:181,0
DA:182,0
DA:183,0
DA:184,0
DA:196,0
DA:197,0
DA:199,0
DA:201,0
DA:203,0
DA:204,0
DA:205,0
DA:212,0
DA:213,0
DA:215,0
DA:216,0
DA:217,0
DA:222,0
DA:223,0
DA:224,0
DA:227,0
DA:230,0
DA:231,0
DA:232,0
DA:233,0
DA:243,0
DA:246,0
DA:250,0
DA:251,0
DA:252,0
DA:254,0
DA:255,0
DA:256,0
DA:257,0
DA:258,0
DA:259,0
DA:263,0
DA:265,0
LF:100
LH:0
end_of_record
SF:lib/features/groups/presentation/widgets/member_list_item.dart
DA:9,0
DA:15,0
DA:17,0
DA:18,0
DA:20,0
DA:21,0
DA:22,0
DA:23,0
DA:28,0
DA:29,0
DA:32,0
DA:33,0
DA:34,0
DA:39,0
DA:40,0
DA:41,0
DA:50,0
DA:51,0
DA:52,0
DA:53,0
DA:54,0
DA:56,0
LF:22
LH:0
end_of_record
SF:lib/features/groups/presentation/pages/invite_member_page.dart
DA:24,0
DA:33,0
DA:34,0
DA:50,0
DA:52,0
DA:53,0
DA:54,0
DA:55,0
DA:56,0
DA:59,0
DA:61,0
DA:62,0
DA:63,0
DA:66,0
DA:68,0
DA:70,0
DA:71,0
DA:79,0
DA:80,0
DA:81,0
DA:82,0
DA:83,0
DA:84,0
DA:88,0
DA:91,0
DA:92,0
DA:93,0
DA:94,0
DA:95,0
DA:99,0
DA:100,0
DA:101,0
DA:102,0
DA:103,0
DA:108,0
DA:109,0
DA:110,0
DA:114,0
DA:116,0
DA:118,0
DA:119,0
DA:121,0
DA:122,0
DA:123,0
DA:124,0
DA:125,0
DA:130,0
DA:131,0
DA:132,0
DA:135,0
DA:136,0
DA:137,0
DA:138,0
DA:141,0
DA:143,0
DA:144,0
DA:147,0
DA:150,0
DA:153,0
DA:157,0
DA:160,0
DA:161,0
DA:162,0
DA:163,0
DA:166,0
DA:167,0
DA:168,0
DA:169,0
DA:174,0
DA:177,0
DA:178,0
DA:180,0
DA:184,0
DA:185,0
DA:186,0
DA:187,0
DA:191,0
DA:196,0
DA:198,0
DA:199,0
DA:200,0
DA:201,0
DA:202,0
DA:211,0
DA:212,0
DA:216,0
DA:217,0
DA:219,0
DA:221,0
DA:222,0
DA:223,0
DA:224,0
DA:225,0
DA:226,0
DA:229,0
DA:230,0
DA:232,0
DA:235,0
DA:236,0
DA:241,0
DA:242,0
DA:244,0
DA:245,0
DA:246,0
DA:253,0
DA:254,0
DA:255,0
DA:272,0
DA:273,0
DA:282,0
DA:284,0
DA:290,0
DA:291,0
DA:292,0
DA:294,0
DA:295,0
DA:298,0
DA:301,0
DA:303,0
DA:304,0
DA:305,0
DA:314,0
DA:315,0
DA:316,0
DA:318,0
DA:319,0
DA:322,0
DA:325,0
DA:327,0
DA:330,0
DA:332,0
DA:334,0
DA:335,0
DA:346,0
DA:351,0
DA:352,0
DA:353,0
DA:354,0
DA:355,0
DA:356,0
DA:361,0
DA:362,0
DA:363,0
DA:365,0
DA:366,0
DA:367,0
DA:368,0
DA:374,0
DA:376,0
DA:377,0
DA:378,0
DA:379,0
DA:380,0
DA:381,0
DA:388,0
DA:391,0
DA:392,0
DA:393,0
DA:403,0
DA:405,0
DA:406,0
DA:407,0
DA:408,0
DA:409,0
DA:410,0
DA:411,0
DA:416,0
DA:417,0
LF:168
LH:0
end_of_record
SF:lib/features/groups/presentation/widgets/group_list_item.dart
DA:10,3
DA:16,3
DA:18,3
DA:20,3
DA:22,3
DA:23,3
DA:24,3
DA:25,3
DA:27,3
DA:28,3
DA:30,3
DA:34,3
DA:35,3
DA:37,3
DA:38,3
DA:39,6
DA:40,12
DA:46,9
DA:48,3
DA:49,6
DA:50,12
DA:51,9
DA:57,3
DA:58,3
DA:59,3
DA:60,3
DA:63,9
DA:66,3
DA:67,9
DA:68,12
DA:69,9
DA:73,11
DA:74,2
DA:75,6
DA:79,6
DA:82,2
DA:83,6
DA:84,8
DA:85,6
DA:96,3
DA:98,9
DA:107,3
DA:108,6
DA:109,0
DA:111,0
DA:116,3
DA:118,3
DA:119,3
DA:120,3
DA:130,3
DA:131,12
DA:132,6
DA:133,18
DA:135,8
DA:138,3
DA:140,9
DA:141,3
DA:151,12
DA:154,2
DA:155,2
DA:157,2
DA:158,2
DA:159,1
DA:160,0
DA:161,1
DA:162,1
LF:66
LH:63
end_of_record
SF:lib/features/groups/presentation/widgets/empty_group_list.dart
DA:6,18
DA:8,4
DA:10,4
DA:12,4
DA:13,4
DA:15,4
DA:17,4
DA:18,4
DA:21,16
DA:24,4
DA:25,4
DA:26,16
DA:32,4
DA:33,4
DA:34,16
DA:35,12
DA:40,4
DA:41,4
DA:42,16
DA:43,12
LF:20
LH:20
end_of_record
SF:lib/features/groups/presentation/widgets/user_search_result_tile.dart
DA:11,0
DA:19,0
DA:21,0
DA:22,0
DA:24,0
DA:25,0
DA:26,0
DA:27,0
DA:32,0
DA:33,0
DA:36,0
DA:37,0
DA:41,0
DA:42,0
DA:43,0
DA:48,0
DA:49,0
DA:50,0
DA:56,0
DA:57,0
DA:62,0
DA:63,0
DA:64,0
DA:70,0
DA:71,0
DA:72,0
DA:79,0
DA:80,0
DA:81,0
DA:82,0
DA:83,0
DA:85,0
LF:32
LH:0
end_of_record
SF:lib/features/invitations/presentation/widgets/invitation_tile.dart
DA:12,0
DA:20,0
DA:22,0
DA:24,0
DA:26,0
DA:28,0
DA:30,0
DA:31,0
DA:32,0
DA:39,0
DA:40,0
DA:41,0
DA:44,0
DA:47,0
DA:48,0
DA:49,0
DA:50,0
DA:58,0
DA:59,0
DA:60,0
DA:63,0
DA:66,0
DA:67,0
DA:68,0
DA:69,0
DA:77,0
DA:79,0
DA:81,0
DA:82,0
DA:83,0
DA:84,0
DA:85,0
DA:86,0
DA:94,0
DA:95,0
DA:96,0
DA:97,0
DA:99,0
LF:38
LH:0
end_of_record
SF:lib/features/profile/presentation/bloc/avatar_upload/avatar_upload_bloc.dart
DA:14,2
DA:21,2
DA:22,4
DA:23,4
DA:24,4
DA:25,4
DA:26,4
DA:27,4
DA:28,4
DA:32,2
DA:36,2
DA:40,1
DA:44,1
DA:47,2
DA:48,1
DA:54,1
DA:59,2
DA:61,2
DA:62,3
DA:68,1
DA:72,3
DA:75,3
DA:76,1
DA:83,3
DA:84,1
DA:91,3
DA:95,1
DA:99,1
DA:100,1
DA:104,1
DA:105,2
DA:108,2
DA:115,2
DA:122,2
DA:123,1
DA:125,0
DA:127,0
DA:128,0
DA:137,2
DA:142,2
DA:144,2
DA:146,2
DA:147,2
DA:154,1
DA:158,1
DA:162,1
DA:166,2
DA:169,1
DA:175,1
DA:179,3
DA:182,2
DA:185,2
DA:187,1
DA:189,2
DA:190,2
DA:196,1
DA:200,1
LF:57
LH:54
end_of_record
SF:lib/features/profile/presentation/bloc/email_verification/email_verification_bloc.dart
DA:22,1
DA:25,1
DA:26,2
DA:27,2
DA:28,2
DA:29,2
DA:30,2
DA:33,5
DA:34,1
DA:35,2
DA:37,1
DA:43,1
DA:47,1
DA:51,2
DA:54,1
DA:61,1
DA:62,3
DA:64,1
DA:65,2
DA:66,1
DA:67,1
DA:68,1
DA:73,2
DA:74,2
DA:79,1
DA:85,1
DA:86,1
DA:87,2
DA:88,1
DA:89,3
DA:94,1
DA:97,2
DA:99,1
DA:106,1
DA:107,3
DA:112,2
DA:115,2
DA:118,2
DA:119,1
DA:120,1
DA:125,1
DA:126,2
DA:127,1
DA:129,1
DA:133,2
DA:134,2
DA:135,3
DA:140,1
DA:144,1
DA:148,2
DA:151,2
DA:154,1
DA:161,1
DA:162,3
DA:164,1
DA:165,2
DA:166,1
DA:167,1
DA:168,1
DA:173,2
DA:174,2
DA:175,3
DA:180,1
DA:185,2
DA:187,1
DA:191,1
DA:192,3
DA:194,1
DA:195,2
DA:196,1
DA:197,1
DA:198,1
DA:204,1
DA:208,1
DA:209,3
DA:214,1
DA:215,1
DA:217,4
DA:218,1
DA:220,1
DA:223,1
DA:225,2
DA:226,1
LF:83
LH:83
end_of_record
SF:lib/features/profile/presentation/bloc/profile_edit/profile_edit_bloc.dart
DA:18,2
DA:21,2
DA:22,4
DA:23,4
DA:24,4
DA:25,4
DA:26,4
DA:30,2
DA:34,2
DA:37,4
DA:38,4
DA:41,4
DA:42,4
DA:44,4
DA:45,2
DA:46,2
DA:52,2
DA:56,4
DA:57,4
DA:58,2
DA:60,4
DA:61,2
DA:62,2
DA:69,1
DA:73,6
DA:74,2
DA:75,1
DA:77,2
DA:78,1
DA:79,1
DA:86,1
DA:91,2
DA:92,2
DA:95,2
DA:96,1
DA:97,1
DA:106,1
DA:107,1
DA:111,2
DA:112,1
DA:113,1
DA:117,2
DA:118,1
DA:119,1
DA:123,2
DA:125,1
DA:127,2
DA:128,2
DA:129,1
DA:130,1
DA:136,1
DA:141,1
DA:146,2
DA:147,2
DA:149,2
DA:153,4
DA:157,4
DA:162,2
DA:163,2
DA:172,1
DA:173,2
DA:177,1
DA:180,1
DA:185,1
DA:190,2
DA:198,2
DA:199,6
DA:200,3
LF:68
LH:68
end_of_record
SF:lib/features/profile/presentation/pages/email_verification_page.dart
DA:9,18
DA:11,1
DA:13,1
DA:14,1
DA:18,1
DA:19,1
DA:21,1
DA:22,2
DA:23,1
DA:24,3
DA:32,1
DA:33,2
DA:34,1
DA:35,2
DA:42,1
DA:43,1
DA:44,1
DA:46,1
DA:47,1
DA:48,1
DA:49,2
DA:50,2
DA:57,2
DA:63,2
DA:78,1
DA:79,1
DA:81,1
DA:82,1
DA:84,1
DA:85,1
DA:87,1
DA:88,2
DA:91,1
DA:94,2
DA:98,1
DA:100,3
DA:102,2
DA:106,1
DA:108,2
DA:111,1
DA:113,1
DA:114,2
DA:115,3
DA:116,2
DA:120,1
DA:121,1
DA:122,3
DA:131,1
DA:138,1
DA:140,1
DA:141,1
DA:143,1
DA:147,1
DA:148,1
DA:150,1
DA:151,2
DA:154,1
DA:157,2
DA:164,1
DA:166,3
DA:174,1
DA:176,1
DA:177,2
DA:178,1
DA:180,1
DA:182,1
DA:183,1
DA:186,2
DA:189,1
DA:190,1
DA:192,3
DA:194,2
DA:205,1
DA:214,1
DA:221,1
DA:230,1
DA:231,1
DA:232,0
DA:233,0
DA:240,1
DA:241,1
DA:242,0
DA:243,0
DA:251,1
DA:252,1
DA:254,0
DA:255,0
DA:260,1
DA:261,2
DA:265,1
DA:268,1
DA:274,1
DA:280,1
DA:282,1
DA:283,1
DA:285,1
DA:286,1
DA:289,2
DA:292,1
DA:294,3
DA:300,1
DA:302,1
DA:303,2
DA:304,1
DA:306,1
DA:308,3
DA:309,2
DA:315,1
DA:316,1
DA:317,2
DA:325,1
DA:326,3
DA:334,1
DA:340,1
DA:342,1
DA:344,1
DA:345,2
DA:346,1
DA:347,1
DA:348,2
DA:352,1
DA:354,1
DA:355,1
DA:357,1
DA:358,2
DA:361,1
DA:364,2
DA:368,1
DA:369,1
DA:371,1
DA:372,1
DA:374,3
DA:379,1
DA:381,3
DA:382,2
DA:393,1
DA:394,1
DA:396,1
DA:397,1
DA:399,3
DA:403,1
DA:405,2
DA:407,1
DA:408,1
DA:410,1
DA:412,1
DA:413,1
DA:417,1
DA:421,1
DA:425,1
DA:430,1
DA:432,3
DA:437,1
DA:439,3
DA:440,2
DA:450,1
DA:451,1
DA:453,1
DA:455,1
DA:457,1
DA:458,1
DA:461,2
DA:464,1
DA:465,1
DA:467,2
DA:475,1
DA:476,1
DA:490,6
LF:168
LH:162
end_of_record
SF:lib/features/profile/presentation/pages/profile_edit_page.dart
DA:24,1
DA:29,1
DA:31,1
DA:32,2
DA:33,1
DA:34,2
DA:35,4
DA:36,2
DA:38,1
DA:39,1
DA:40,1
DA:41,1
DA:42,1
DA:44,0
DA:45,0
DA:51,0
DA:52,0
DA:56,0
DA:57,0
DA:62,0
DA:63,0
DA:69,0
DA:70,0
DA:71,0
DA:75,0
DA:76,1
DA:78,0
DA:79,0
DA:80,0
DA:87,1
DA:88,1
DA:89,1
DA:91,0
DA:92,0
DA:93,0
DA:95,0
DA:96,0
DA:100,0
DA:101,0
DA:106,0
DA:107,0
DA:108,0
DA:112,0
DA:114,1
DA:116,0
DA:117,0
DA:118,0
DA:126,2
DA:136,1
DA:138,1
DA:139,1
DA:147,1
DA:149,1
DA:150,2
DA:151,6
DA:153,2
DA:154,3
DA:158,1
DA:160,2
DA:161,2
DA:162,1
DA:165,1
DA:167,1
DA:168,1
DA:169,1
DA:170,1
DA:171,2
DA:172,2
DA:174,2
DA:176,2
DA:177,2
DA:180,1
DA:182,0
DA:184,0
DA:185,0
DA:186,0
DA:190,1
DA:191,1
DA:192,3
DA:194,1
DA:196,1
DA:199,0
DA:200,1
DA:201,2
DA:202,1
DA:205,3
DA:212,0
DA:214,1
DA:216,1
DA:217,1
DA:218,1
DA:220,1
DA:222,1
DA:223,1
DA:224,3
DA:226,2
DA:227,0
DA:228,0
DA:229,0
DA:230,0
DA:241,1
DA:242,1
DA:244,1
DA:245,2
DA:246,2
DA:248,1
DA:249,1
DA:254,1
DA:255,2
DA:256,1
DA:263,1
DA:265,4
DA:273,1
DA:274,1
DA:275,2
DA:277,1
DA:278,2
DA:283,2
DA:284,1
DA:286,2
DA:288,1
DA:291,0
DA:293,0
DA:294,0
DA:302,1
DA:303,1
DA:304,2
DA:306,1
DA:307,2
DA:312,2
DA:313,1
DA:315,1
DA:317,1
DA:320,0
DA:322,0
DA:323,0
DA:331,1
DA:332,1
DA:333,2
DA:338,1
DA:339,2
DA:346,1
DA:348,0
DA:360,3
DA:365,1
DA:368,0
DA:371,0
DA:372,0
DA:373,0
DA:376,0
DA:380,3
DA:385,1
DA:386,1
DA:387,1
DA:388,1
DA:389,1
DA:390,1
DA:392,1
DA:393,1
DA:394,1
DA:397,3
DA:400,1
DA:401,1
DA:403,3
DA:423,0
DA:424,0
DA:425,0
DA:428,0
DA:429,0
DA:433,0
DA:434,0
DA:435,0
DA:441,0
DA:442,0
DA:443,0
DA:445,0
DA:446,0
DA:447,0
DA:448,0
DA:449,0
DA:450,0
DA:451,0
DA:453,0
DA:454,0
DA:455,0
LF:185
LH:113
end_of_record
SF:lib/features/profile/presentation/widgets/avatar_upload_widget.dart
DA:19,1
DA:26,1
DA:28,1
DA:29,2
DA:30,2
DA:31,2
DA:32,1
DA:33,1
DA:34,1
DA:35,1
DA:36,1
DA:38,0
DA:41,0
DA:49,0
DA:50,1
DA:52,0
DA:53,0
DA:54,0
DA:58,1
DA:60,0
DA:61,0
DA:62,0
DA:66,1
DA:68,0
DA:71,0
DA:79,0
DA:80,1
DA:82,0
DA:83,0
DA:84,0
DA:90,1
DA:91,1
DA:92,1
DA:104,1
DA:109,1
DA:111,1
DA:112,1
DA:113,1
DA:114,1
DA:115,1
DA:119,1
DA:120,0
DA:121,1
DA:122,0
DA:125,1
DA:126,1
DA:128,1
DA:129,1
DA:132,0
DA:134,0
DA:135,0
DA:137,3
DA:138,1
DA:140,3
DA:141,2
DA:142,1
DA:147,1
DA:149,3
DA:150,1
DA:153,3
DA:159,0
DA:160,0
DA:165,0
DA:166,0
DA:168,0
DA:169,0
DA:174,0
DA:175,0
DA:188,1
DA:189,1
DA:192,1
DA:194,3
DA:195,1
DA:201,2
DA:212,0
DA:213,0
DA:215,0
DA:216,0
DA:217,0
DA:218,0
DA:226,0
DA:227,0
DA:228,0
DA:239,4
DA:240,1
DA:241,2
DA:255,1
DA:256,1
DA:258,2
DA:259,1
DA:261,1
DA:262,1
DA:265,0
DA:266,0
DA:267,0
DA:274,1
DA:277,0
DA:278,0
DA:279,0
DA:286,1
DA:289,0
DA:290,0
DA:300,1
DA:301,1
DA:303,2
DA:306,1
DA:307,1
DA:308,0
DA:311,1
DA:312,0
DA:313,0
DA:314,0
DA:318,1
LF:113
LH:64
end_of_record
SF:lib/features/profile/presentation/widgets/profile_actions.dart
DA:5,2
DA:14,2
DA:16,2
DA:18,2
DA:20,2
DA:22,2
DA:23,2
DA:30,2
DA:31,2
DA:34,2
DA:35,6
LF:11
LH:11
end_of_record
SF:lib/features/profile/presentation/widgets/profile_header.dart
DA:7,2
DA:14,2
DA:16,2
DA:18,2
DA:21,2
DA:22,6
DA:28,2
DA:29,2
DA:31,2
DA:33,4
DA:34,4
DA:35,0
DA:37,4
DA:38,2
DA:41,4
DA:48,2
DA:49,4
DA:50,6
DA:58,2
DA:60,2
DA:61,2
DA:62,2
DA:63,4
DA:64,6
DA:65,4
DA:72,6
LF:26
LH:25
end_of_record
SF:lib/features/profile/presentation/widgets/profile_info_card.dart
DA:9,2
DA:18,2
DA:20,2
DA:21,2
DA:22,2
DA:24,2
DA:26,2
DA:28,2
DA:30,2
DA:31,2
DA:32,2
DA:33,6
DA:40,6
DA:41,2
DA:42,2
DA:43,2
DA:46,4
DA:49,2
DA:50,2
DA:52,2
DA:53,2
DA:54,2
DA:55,6
DA:56,4
DA:60,2
DA:61,4
DA:62,4
DA:65,2
DA:66,2
DA:67,6
DA:68,4
DA:70,0
DA:71,0
DA:73,0
DA:74,0
DA:92,2
DA:94,2
DA:95,7
DA:97,2
DA:100,6
DA:101,2
DA:103,2
DA:104,6
DA:110,6
DA:111,2
DA:113,2
DA:114,6
DA:126,2
DA:138,2
DA:140,2
DA:142,2
DA:143,2
DA:144,2
DA:145,2
DA:147,4
DA:150,2
DA:151,2
DA:153,2
DA:154,2
DA:155,2
DA:156,6
DA:157,4
DA:161,2
DA:162,2
DA:163,6
LF:65
LH:61
end_of_record
SF:lib/features/profile/presentation/widgets/verification_badge.dart
DA:5,4
DA:12,4
DA:14,4
DA:16,4
DA:17,4
DA:19,4
DA:20,8
DA:21,4
DA:23,4
DA:25,4
DA:26,4
DA:29,8
DA:32,4
DA:34,12
DA:35,8
DA:44,2
DA:46,2
DA:47,4
DA:48,2
DA:50,2
DA:52,2
DA:53,2
DA:56,4
DA:59,2
DA:61,6
DA:62,4
LF:26
LH:26
end_of_record
SF:lib/l10n/app_localizations_de.dart
DA:9,0
DA:11,0
DA:14,0
DA:17,0
DA:20,0
DA:23,0
DA:26,0
DA:29,0
DA:32,0
DA:35,0
DA:38,0
DA:41,0
DA:44,0
DA:47,0
DA:50,0
DA:53,0
DA:56,0
DA:59,0
DA:62,0
DA:65,0
DA:68,0
DA:72,0
DA:75,0
DA:78,0
DA:81,0
DA:85,0
DA:88,0
DA:91,0
DA:94,0
DA:97,0
DA:100,0
DA:103,0
DA:106,0
DA:110,0
DA:113,0
DA:116,0
DA:119,0
DA:122,0
DA:125,0
DA:128,0
DA:131,0
DA:134,0
DA:137,0
DA:140,0
DA:143,0
DA:146,0
DA:149,0
DA:152,0
DA:155,0
DA:158,0
DA:162,0
DA:165,0
DA:168,0
DA:171,0
DA:174,0
DA:177,0
DA:181,0
DA:183,0
DA:184,0
DA:186,0
DA:188,0
DA:190,0
DA:191,0
DA:194,0
DA:197,0
DA:200,0
DA:203,0
DA:206,0
DA:209,0
DA:213,0
DA:216,0
LF:71
LH:0
end_of_record
SF:lib/l10n/app_localizations_en.dart
DA:9,18
DA:11,1
DA:14,1
DA:17,1
DA:20,0
DA:23,1
DA:26,1
DA:29,1
DA:32,1
DA:35,1
DA:38,2
DA:41,1
DA:44,1
DA:47,1
DA:50,1
DA:53,1
DA:56,0
DA:59,1
DA:62,1
DA:65,1
DA:68,0
DA:71,0
DA:74,0
DA:77,0
DA:80,0
DA:84,0
DA:87,2
DA:90,0
DA:93,0
DA:96,0
DA:99,0
DA:102,0
DA:105,0
DA:109,0
DA:112,1
DA:115,1
DA:118,0
DA:121,0
DA:124,2
DA:127,0
DA:130,2
DA:133,1
DA:136,2
DA:139,2
DA:142,2
DA:145,0
DA:148,1
DA:151,0
DA:154,2
DA:157,2
DA:160,1
DA:163,1
DA:166,3
DA:169,0
DA:172,4
DA:175,4
DA:179,3
DA:181,3
DA:182,3
DA:184,3
DA:186,3
DA:188,3
DA:189,3
DA:192,3
DA:195,2
DA:198,1
DA:201,0
DA:204,0
DA:207,4
DA:211,1
DA:214,1
LF:71
LH:48
end_of_record
SF:lib/l10n/app_localizations_es.dart
DA:9,0
DA:11,0
DA:14,0
DA:17,0
DA:21,0
DA:24,0
DA:27,0
DA:30,0
DA:33,0
DA:36,0
DA:39,0
DA:42,0
DA:45,0
DA:48,0
DA:51,0
DA:54,0
DA:57,0
DA:60,0
DA:63,0
DA:66,0
DA:69,0
DA:73,0
DA:76,0
DA:79,0
DA:82,0
DA:86,0
DA:89,0
DA:92,0
DA:95,0
DA:98,0
DA:101,0
DA:104,0
DA:107,0
DA:111,0
DA:114,0
DA:117,0
DA:120,0
DA:123,0
DA:126,0
DA:129,0
DA:132,0
DA:135,0
DA:138,0
DA:141,0
DA:144,0
DA:147,0
DA:150,0
DA:153,0
DA:156,0
DA:159,0
DA:163,0
DA:166,0
DA:169,0
DA:172,0
DA:176,0
DA:179,0
DA:183,0
DA:185,0
DA:186,0
DA:188,0
DA:190,0
DA:192,0
DA:193,0
DA:196,0
DA:199,0
DA:202,0
DA:205,0
DA:208,0
DA:211,0
DA:215,0
DA:218,0
LF:71
LH:0
end_of_record
SF:lib/l10n/app_localizations_fr.dart
DA:9,0
DA:11,0
DA:14,0
DA:17,0
DA:21,0
DA:24,0
DA:27,0
DA:30,0
DA:33,0
DA:36,0
DA:39,0
DA:42,0
DA:45,0
DA:48,0
DA:51,0
DA:54,0
DA:57,0
DA:60,0
DA:63,0
DA:66,0
DA:69,0
DA:72,0
DA:75,0
DA:78,0
DA:81,0
DA:85,0
DA:88,0
DA:91,0
DA:94,0
DA:97,0
DA:100,0
DA:103,0
DA:106,0
DA:110,0
DA:113,0
DA:116,0
DA:119,0
DA:122,0
DA:125,0
DA:128,0
DA:131,0
DA:134,0
DA:137,0
DA:140,0
DA:143,0
DA:146,0
DA:149,0
DA:152,0
DA:155,0
DA:158,0
DA:162,0
DA:165,0
DA:168,0
DA:171,0
DA:175,0
DA:179,0
DA:183,0
DA:185,0
DA:186,0
DA:188,0
DA:190,0
DA:192,0
DA:193,0
DA:196,0
DA:199,0
DA:202,0
DA:205,0
DA:208,0
DA:211,0
DA:215,0
DA:218,0
LF:71
LH:0
end_of_record
SF:lib/l10n/app_localizations_it.dart
DA:9,0
DA:11,0
DA:14,0
DA:17,0
DA:21,0
DA:24,0
DA:27,0
DA:30,0
DA:33,0
DA:36,0
DA:39,0
DA:42,0
DA:45,0
DA:48,0
DA:51,0
DA:54,0
DA:57,0
DA:60,0
DA:63,0
DA:66,0
DA:69,0
DA:73,0
DA:76,0
DA:79,0
DA:82,0
DA:86,0
DA:89,0
DA:92,0
DA:95,0
DA:98,0
DA:101,0
DA:104,0
DA:107,0
DA:111,0
DA:114,0
DA:117,0
DA:120,0
DA:123,0
DA:126,0
DA:129,0
DA:132,0
DA:135,0
DA:138,0
DA:141,0
DA:144,0
DA:147,0
DA:150,0
DA:154,0
DA:157,0
DA:160,0
DA:164,0
DA:167,0
DA:170,0
DA:173,0
DA:177,0
DA:180,0
DA:184,0
DA:186,0
DA:187,0
DA:189,0
DA:191,0
DA:193,0
DA:194,0
DA:197,0
DA:200,0
DA:203,0
DA:206,0
DA:209,0
DA:212,0
DA:216,0
DA:219,0
LF:71
LH:0
end_of_record
